2023-09-19 14:46:16.354  INFO 11676 --- [restartedMain] com.kuka.OrderServiceApplication         : Starting OrderServiceApplication using Java 17.0.6 on MAVBNG0522085 with PID 11676 (D:\kuka-backend-Backend-Final\kuka-backend-Backend-Final\OrderService\target\classes started by amruthm in D:\kuka-backend-Backend-Final\kuka-backend-Backend-Final)
2023-09-19 14:46:16.356  INFO 11676 --- [restartedMain] com.kuka.OrderServiceApplication         : No active profile set, falling back to 1 default profile: "default"
2023-09-19 14:46:16.457  INFO 11676 --- [restartedMain] .e.DevToolsPropertyDefaultsPostProcessor : Devtools property defaults active! Set 'spring.devtools.add-properties' to 'false' to disable
2023-09-19 14:46:16.458  INFO 11676 --- [restartedMain] .e.DevToolsPropertyDefaultsPostProcessor : For additional web related logging consider setting the 'logging.level.web' property to 'DEBUG'
2023-09-19 14:46:18.014  INFO 11676 --- [restartedMain] .s.d.r.c.RepositoryConfigurationDelegate : Bootstrapping Spring Data JPA repositories in DEFAULT mode.
2023-09-19 14:46:18.247  INFO 11676 --- [restartedMain] .s.d.r.c.RepositoryConfigurationDelegate : Finished Spring Data repository scanning in 212 ms. Found 1 JPA repository interfaces.
2023-09-19 14:46:18.728  INFO 11676 --- [restartedMain] o.s.cloud.context.scope.GenericScope     : BeanFactory id=46e3ce86-ed3d-3ff2-a77d-1753e0284143
2023-09-19 14:46:19.905  INFO 11676 --- [restartedMain] o.s.b.w.embedded.tomcat.TomcatWebServer  : Tomcat initialized with port(s): 8085 (http)
2023-09-19 14:46:19.927  INFO 11676 --- [restartedMain] o.apache.catalina.core.StandardService   : Starting service [Tomcat]
2023-09-19 14:46:19.927  INFO 11676 --- [restartedMain] org.apache.catalina.core.StandardEngine  : Starting Servlet engine: [Apache Tomcat/9.0.79]
2023-09-19 14:46:20.170  INFO 11676 --- [restartedMain] o.a.c.c.C.[Tomcat].[localhost].[/]       : Initializing Spring embedded WebApplicationContext
2023-09-19 14:46:20.170  INFO 11676 --- [restartedMain] w.s.c.ServletWebServerApplicationContext : Root WebApplicationContext: initialization completed in 3711 ms
2023-09-19 14:46:20.681  INFO 11676 --- [restartedMain] o.hibernate.jpa.internal.util.LogHelper  : HHH000204: Processing PersistenceUnitInfo [name: default]
2023-09-19 14:46:20.825  INFO 11676 --- [restartedMain] org.hibernate.Version                    : HHH000412: Hibernate ORM core version 5.6.15.Final
2023-09-19 14:46:21.342  INFO 11676 --- [restartedMain] o.hibernate.annotations.common.Version   : HCANN000001: Hibernate Commons Annotations {5.1.2.Final}
2023-09-19 14:46:21.557  INFO 11676 --- [restartedMain] com.zaxxer.hikari.HikariDataSource       : HikariPool-1 - Starting...
2023-09-19 14:46:22.182  INFO 11676 --- [restartedMain] com.zaxxer.hikari.HikariDataSource       : HikariPool-1 - Start completed.
2023-09-19 14:46:22.213  INFO 11676 --- [restartedMain] org.hibernate.dialect.Dialect            : HHH000400: Using dialect: org.hibernate.dialect.MySQLDialect
2023-09-19 14:46:23.307  INFO 11676 --- [restartedMain] o.h.e.t.j.p.i.JtaPlatformInitiator       : HHH000490: Using JtaPlatform implementation: [org.hibernate.engine.transaction.jta.platform.internal.NoJtaPlatform]
2023-09-19 14:46:23.324  INFO 11676 --- [restartedMain] j.LocalContainerEntityManagerFactoryBean : Initialized JPA EntityManagerFactory for persistence unit 'default'
2023-09-19 14:46:24.209  WARN 11676 --- [restartedMain] JpaBaseConfiguration$JpaWebConfiguration : spring.jpa.open-in-view is enabled by default. Therefore, database queries may be performed during view rendering. Explicitly configure spring.jpa.open-in-view to disable this warning
2023-09-19 14:46:24.482  INFO 11676 --- [restartedMain] pertySourcedRequestMappingHandlerMapping : Mapped URL path [/v2/api-docs] onto method [springfox.documentation.swagger2.web.Swagger2Controller#getDocumentation(String, HttpServletRequest)]
2023-09-19 14:46:24.666  WARN 11676 --- [restartedMain] o.s.b.d.a.OptionalLiveReloadServer       : Unable to start LiveReload server
2023-09-19 14:46:25.389  INFO 11676 --- [restartedMain] DiscoveryClientOptionalArgsConfiguration : Eureka HTTP Client uses RestTemplate.
2023-09-19 14:46:25.707  WARN 11676 --- [restartedMain] iguration$LoadBalancerCaffeineWarnLogger : Spring Cloud LoadBalancer is currently working with the default cache. While this cache implementation is useful for development and tests, it's recommended to use Caffeine cache in production.You can switch to using Caffeine cache, by adding it and org.springframework.cache.caffeine.CaffeineCacheManager to the classpath.
2023-09-19 14:46:25.743  INFO 11676 --- [restartedMain] o.s.c.n.eureka.InstanceInfoFactory       : Setting initial instance status as: STARTING
2023-09-19 14:46:25.955  INFO 11676 --- [restartedMain] com.netflix.discovery.DiscoveryClient    : Initializing Eureka in region us-east-1
2023-09-19 14:46:25.970  INFO 11676 --- [restartedMain] c.n.d.s.r.aws.ConfigClusterResolver      : Resolving eureka endpoints via configuration
2023-09-19 14:46:26.027  INFO 11676 --- [restartedMain] com.netflix.discovery.DiscoveryClient    : Disable delta property : false
2023-09-19 14:46:26.028  INFO 11676 --- [restartedMain] com.netflix.discovery.DiscoveryClient    : Single vip registry refresh property : null
2023-09-19 14:46:26.028  INFO 11676 --- [restartedMain] com.netflix.discovery.DiscoveryClient    : Force full registry fetch : false
2023-09-19 14:46:26.028  INFO 11676 --- [restartedMain] com.netflix.discovery.DiscoveryClient    : Application is null : false
2023-09-19 14:46:26.028  INFO 11676 --- [restartedMain] com.netflix.discovery.DiscoveryClient    : Registered Applications size is zero : true
2023-09-19 14:46:26.028  INFO 11676 --- [restartedMain] com.netflix.discovery.DiscoveryClient    : Application version is -1: true
2023-09-19 14:46:26.028  INFO 11676 --- [restartedMain] com.netflix.discovery.DiscoveryClient    : Getting all instance registry info from the eureka server
2023-09-19 14:46:26.625  INFO 11676 --- [restartedMain] com.netflix.discovery.DiscoveryClient    : The response status is 200
2023-09-19 14:46:26.630  INFO 11676 --- [restartedMain] com.netflix.discovery.DiscoveryClient    : Starting heartbeat executor: renew interval is: 30
2023-09-19 14:46:26.634  INFO 11676 --- [restartedMain] c.n.discovery.InstanceInfoReplicator     : InstanceInfoReplicator onDemand update allowed rate per min is 4
2023-09-19 14:46:26.642  INFO 11676 --- [restartedMain] com.netflix.discovery.DiscoveryClient    : Discovery Client initialized at timestamp 1695114986639 with initial instances count: 3
2023-09-19 14:46:26.645  INFO 11676 --- [restartedMain] o.s.c.n.e.s.EurekaServiceRegistry        : Registering application ECOMMERCE-ORDER-MS with eureka with status UP
2023-09-19 14:46:26.647  INFO 11676 --- [restartedMain] com.netflix.discovery.DiscoveryClient    : Saw local status change event StatusChangeEvent [timestamp=1695114986647, current=UP, previous=STARTING]
2023-09-19 14:46:26.651  INFO 11676 --- [DiscoveryClient-InstanceInfoReplicator-0] com.netflix.discovery.DiscoveryClient    : DiscoveryClient_ECOMMERCE-ORDER-MS/MAVBNG0522085.mavericsystems.lan:ecommerce-order-ms:8085: registering service...
2023-09-19 14:46:26.659  WARN 11676 --- [restartedMain] ConfigServletWebServerApplicationContext : Exception encountered during context initialization - cancelling refresh attempt: org.springframework.context.ApplicationContextException: Failed to start bean 'webServerStartStop'; nested exception is org.springframework.boot.web.server.PortInUseException: Port 8085 is already in use
2023-09-19 14:46:26.671  INFO 11676 --- [restartedMain] j.LocalContainerEntityManagerFactoryBean : Closing JPA EntityManagerFactory for persistence unit 'default'
2023-09-19 14:46:26.679  INFO 11676 --- [restartedMain] com.zaxxer.hikari.HikariDataSource       : HikariPool-1 - Shutdown initiated...
2023-09-19 14:46:26.737  INFO 11676 --- [DiscoveryClient-InstanceInfoReplicator-0] com.netflix.discovery.DiscoveryClient    : DiscoveryClient_ECOMMERCE-ORDER-MS/MAVBNG0522085.mavericsystems.lan:ecommerce-order-ms:8085 - registration status: 204
2023-09-19 14:46:26.784  INFO 11676 --- [restartedMain] com.zaxxer.hikari.HikariDataSource       : HikariPool-1 - Shutdown completed.
2023-09-19 14:46:26.784  INFO 11676 --- [restartedMain] com.netflix.discovery.DiscoveryClient    : Shutting down DiscoveryClient ...
2023-09-19 14:46:29.797  INFO 11676 --- [restartedMain] com.netflix.discovery.DiscoveryClient    : Unregistering ...
2023-09-19 14:46:29.804  INFO 11676 --- [restartedMain] com.netflix.discovery.DiscoveryClient    : DiscoveryClient_ECOMMERCE-ORDER-MS/MAVBNG0522085.mavericsystems.lan:ecommerce-order-ms:8085 - deregister  status: 200
2023-09-19 14:46:29.807  INFO 11676 --- [restartedMain] com.netflix.discovery.DiscoveryClient    : Completed shut down of DiscoveryClient
2023-09-19 14:46:29.812  INFO 11676 --- [restartedMain] o.apache.catalina.core.StandardService   : Stopping service [Tomcat]
2023-09-19 14:46:29.826  INFO 11676 --- [restartedMain] ConditionEvaluationReportLoggingListener : 

Error starting ApplicationContext. To display the conditions report re-run your application with 'debug' enabled.
2023-09-19 14:46:29.859 ERROR 11676 --- [restartedMain] o.s.b.d.LoggingFailureAnalysisReporter   : 

***************************
APPLICATION FAILED TO START
***************************

Description:

Web server failed to start. Port 8085 was already in use.

Action:

Identify and stop the process that's listening on port 8085 or configure this application to listen on another port.

